
> my-project@0.1.0 dev
> next dev

▲ Next.js 16.1.6 (Turbopack)
- Local:         http://localhost:3000
- Network:       http://192.168.1.6:3000

✓ Starting...
✓ Ready in 5.4s
○ Compiling / ...
 GET / 200 in 26.0s (compile: 24.3s, proxy.ts: 529ms, render: 1172ms)
 GET /marketplace 200 in 211ms (compile: 9ms, proxy.ts: 14ms, render: 188ms)
 GET /marketplace 200 in 108ms (compile: 13ms, proxy.ts: 29ms, render: 67ms)
✓ Compiled in 653ms
 GET /marketplace 200 in 881ms (compile: 223ms, proxy.ts: 18ms, render: 640ms)
 GET /marketplace 200 in 564ms (compile: 35ms, proxy.ts: 48ms, render: 481ms)
 GET /marketplace 200 in 509ms (compile: 25ms, proxy.ts: 77ms, render: 406ms)
 GET / 200 in 255ms (compile: 187ms, proxy.ts: 18ms, render: 51ms)
 GET /marketplace 200 in 107ms (compile: 10ms, proxy.ts: 11ms, render: 86ms)
 GET / 200 in 98ms (compile: 27ms, proxy.ts: 16ms, render: 55ms)
 GET /login 200 in 1675ms (compile: 1530ms, proxy.ts: 78ms, render: 67ms)
✓ Compiled in 859ms
 GET /login 200 in 551ms (compile: 33ms, proxy.ts: 48ms, render: 469ms)
 GET /login 200 in 977ms (compile: 321ms, proxy.ts: 13ms, render: 643ms)
 GET /login 200 in 498ms (compile: 21ms, proxy.ts: 64ms, render: 413ms)
✓ Compiled in 490ms
 GET /login 200 in 827ms (compile: 44ms, proxy.ts: 49ms, render: 733ms)
 GET /login 200 in 1212ms (compile: 219ms, proxy.ts: 14ms, render: 979ms)
 GET /login 200 in 811ms (compile: 32ms, proxy.ts: 117ms, render: 662ms)
 POST /api/session/login 401 in 1516ms (compile: 1359ms, render: 157ms)
 GET / 200 in 188ms (compile: 32ms, proxy.ts: 34ms, render: 122ms)
✓ Compiled in 378ms
✓ Compiled in 581ms
✓ Compiled in 495ms
✓ Compiled in 438ms
✓ Compiled in 392ms
✓ Compiled in 422ms
✓ Compiled in 275ms
✓ Compiled in 409ms
✓ Compiled in 441ms
✓ Compiled in 870ms
 GET /marketplace 200 in 688ms (compile: 396ms, proxy.ts: 17ms, render: 275ms)
 GET / 200 in 370ms (compile: 261ms, proxy.ts: 16ms, render: 93ms)
 GET /login 200 in 417ms (compile: 290ms, proxy.ts: 25ms, render: 103ms)
✓ Compiled in 504ms
✓ Compiled in 538ms
✓ Compiled in 495ms
✓ Compiled in 428ms
✓ Compiled in 397ms
✓ Compiled in 328ms
✓ Compiled in 258ms
✓ Compiled in 243ms
✓ Compiled in 541ms
✓ Compiled in 289ms
 GET /pricing 200 in 1967ms (compile: 1866ms, proxy.ts: 32ms, render: 68ms)
✓ Compiled in 535ms
✓ Compiled in 421ms
 GET /pricing 404 in 2.2s (compile: 1179ms, proxy.ts: 167ms, render: 889ms)
 GET /pricing 404 in 936ms (compile: 83ms, proxy.ts: 44ms, render: 809ms)
 GET /pricing 404 in 1202ms (compile: 103ms, proxy.ts: 53ms, render: 1046ms)
✓ Finished filesystem cache database compaction in 10.8s
✓ Compiled in 804ms
 GET /pricing 200 in 996ms (compile: 479ms, proxy.ts: 148ms, render: 369ms)
 GET /pricing 200 in 579ms (compile: 15ms, proxy.ts: 17ms, render: 547ms)
 GET /pricing 200 in 1397ms (compile: 23ms, proxy.ts: 126ms, render: 1248ms)
 GET /pricing 200 in 966ms (compile: 88ms, proxy.ts: 27ms, render: 850ms)
 GET /pricing 200 in 1256ms (compile: 19ms, proxy.ts: 25ms, render: 1212ms)
 GET /pricing 200 in 1254ms (compile: 133ms, proxy.ts: 26ms, render: 1095ms)
 GET /pricing 200 in 1223ms (compile: 18ms, proxy.ts: 25ms, render: 1179ms)
✓ Compiled in 826ms
 GET /pricing 200 in 464ms (compile: 10ms, proxy.ts: 23ms, render: 431ms)
 GET /pricing 200 in 771ms (compile: 215ms, proxy.ts: 9ms, render: 547ms)
 GET /pricing 200 in 233ms (compile: 13ms, proxy.ts: 17ms, render: 203ms)
 GET /pricing 200 in 704ms (compile: 386ms, proxy.ts: 21ms, render: 297ms)
 GET /pricing 200 in 234ms (compile: 46ms, proxy.ts: 13ms, render: 175ms)
✓ Compiled in 380ms
✓ Compiled in 278ms
 GET / 200 in 177ms (compile: 125ms, proxy.ts: 9ms, render: 43ms)
 GET /pricing 200 in 181ms (compile: 138ms, proxy.ts: 17ms, render: 26ms)
✓ Compiled in 1129ms
 GET /pricing 200 in 788ms (compile: 22ms, proxy.ts: 25ms, render: 741ms)
 GET /pricing 200 in 1159ms (compile: 188ms, proxy.ts: 10ms, render: 962ms)
 GET /pricing 200 in 353ms (compile: 65ms, proxy.ts: 40ms, render: 249ms)
 GET /pricing 200 in 1155ms (compile: 673ms, proxy.ts: 21ms, render: 461ms)
 GET /pricing 200 in 379ms (compile: 68ms, proxy.ts: 65ms, render: 246ms)
✓ Compiled in 163ms
✓ Compiled in 286ms
 GET /pricing 200 in 225ms (compile: 87ms, proxy.ts: 62ms, render: 76ms)
 GET /pricing 200 in 77ms (compile: 5ms, proxy.ts: 6ms, render: 67ms)
 GET /pricing 200 in 139ms (compile: 7ms, proxy.ts: 9ms, render: 123ms)
 GET /pricing 200 in 116ms (compile: 5ms, proxy.ts: 5ms, render: 105ms)
 GET /pricing 200 in 118ms (compile: 9ms, proxy.ts: 6ms, render: 103ms)
 GET /pricing 200 in 77ms (compile: 6ms, proxy.ts: 5ms, render: 65ms)
 GET /pricing 200 in 85ms (compile: 8ms, proxy.ts: 7ms, render: 71ms)
 GET /pricing 200 in 89ms (compile: 7ms, proxy.ts: 5ms, render: 77ms)
 GET /pricing 200 in 119ms (compile: 7ms, proxy.ts: 7ms, render: 105ms)
 GET /pricing 200 in 89ms (compile: 7ms, proxy.ts: 5ms, render: 76ms)
 GET /pricing 200 in 80ms (compile: 5ms, proxy.ts: 7ms, render: 68ms)
 GET /pricing 200 in 80ms (compile: 6ms, proxy.ts: 6ms, render: 68ms)
 GET /pricing 200 in 115ms (compile: 5ms, proxy.ts: 5ms, render: 104ms)
 GET /pricing 200 in 96ms (compile: 8ms, proxy.ts: 6ms, render: 82ms)
 GET /pricing 200 in 97ms (compile: 7ms, proxy.ts: 6ms, render: 85ms)
 GET /pricing 200 in 121ms (compile: 8ms, proxy.ts: 7ms, render: 107ms)
 GET /pricing 200 in 86ms (compile: 7ms, proxy.ts: 6ms, render: 73ms)
 GET /pricing 200 in 101ms (compile: 7ms, proxy.ts: 6ms, render: 89ms)
 GET /pricing 200 in 116ms (compile: 6ms, proxy.ts: 4ms, render: 107ms)
 GET /pricing 200 in 78ms (compile: 5ms, proxy.ts: 9ms, render: 63ms)
 GET /pricing 200 in 93ms (compile: 4ms, proxy.ts: 5ms, render: 84ms)
 GET /pricing 200 in 115ms (compile: 6ms, proxy.ts: 6ms, render: 103ms)
 GET /pricing 200 in 98ms (compile: 5ms, proxy.ts: 5ms, render: 87ms)
 GET /pricing 200 in 74ms (compile: 4ms, proxy.ts: 5ms, render: 65ms)
 GET /pricing 200 in 92ms (compile: 5ms, proxy.ts: 5ms, render: 82ms)
 GET /pricing 200 in 92ms (compile: 5ms, proxy.ts: 5ms, render: 82ms)
 GET /pricing 200 in 73ms (compile: 4ms, proxy.ts: 4ms, render: 65ms)
 GET /pricing 200 in 100ms (compile: 4ms, proxy.ts: 5ms, render: 92ms)
 GET /pricing 200 in 78ms (compile: 5ms, proxy.ts: 6ms, render: 67ms)
 GET /pricing 200 in 92ms (compile: 5ms, proxy.ts: 5ms, render: 83ms)
 GET /pricing 200 in 92ms (compile: 6ms, proxy.ts: 6ms, render: 80ms)
 GET /pricing 200 in 87ms (compile: 4ms, proxy.ts: 4ms, render: 80ms)
 GET /pricing 200 in 89ms (compile: 4ms, proxy.ts: 4ms, render: 80ms)
 GET /pricing 200 in 92ms (compile: 4ms, proxy.ts: 4ms, render: 84ms)
 GET /pricing 200 in 112ms (compile: 4ms, proxy.ts: 4ms, render: 104ms)
 GET /pricing 200 in 128ms (compile: 4ms, proxy.ts: 6ms, render: 118ms)
 GET /pricing 200 in 104ms (compile: 20ms, proxy.ts: 7ms, render: 77ms)
 GET /pricing 200 in 92ms (compile: 4ms, proxy.ts: 5ms, render: 84ms)
 GET /pricing 200 in 76ms (compile: 6ms, proxy.ts: 5ms, render: 65ms)
 GET /pricing 200 in 89ms (compile: 6ms, proxy.ts: 5ms, render: 78ms)
 GET /pricing 200 in 95ms (compile: 5ms, proxy.ts: 5ms, render: 86ms)
 GET /pricing 200 in 100ms (compile: 4ms, proxy.ts: 4ms, render: 91ms)
 GET /pricing 200 in 103ms (compile: 4ms, proxy.ts: 4ms, render: 95ms)
 GET /pricing 200 in 96ms (compile: 5ms, proxy.ts: 7ms, render: 84ms)
 GET /pricing 200 in 70ms (compile: 4ms, proxy.ts: 4ms, render: 62ms)
 GET /pricing 200 in 71ms (compile: 4ms, proxy.ts: 4ms, render: 63ms)
 GET /pricing 200 in 87ms (compile: 6ms, proxy.ts: 5ms, render: 76ms)
 GET /pricing 200 in 148ms (compile: 6ms, proxy.ts: 5ms, render: 137ms)
 GET /pricing 200 in 139ms (compile: 7ms, proxy.ts: 9ms, render: 123ms)
 GET /pricing 200 in 72ms (compile: 5ms, proxy.ts: 6ms, render: 61ms)
 GET /pricing 200 in 80ms (compile: 5ms, proxy.ts: 5ms, render: 70ms)
 GET /pricing 200 in 77ms (compile: 5ms, proxy.ts: 5ms, render: 67ms)
 GET /pricing 200 in 95ms (compile: 5ms, proxy.ts: 7ms, render: 83ms)
 GET /pricing 200 in 72ms (compile: 5ms, proxy.ts: 4ms, render: 63ms)
 GET /pricing 200 in 82ms (compile: 4ms, proxy.ts: 4ms, render: 74ms)
 GET /pricing 200 in 82ms (compile: 6ms, proxy.ts: 4ms, render: 72ms)
 GET /pricing 200 in 85ms (compile: 5ms, proxy.ts: 5ms, render: 74ms)
 GET /pricing 200 in 118ms (compile: 7ms, proxy.ts: 6ms, render: 104ms)
 GET /pricing 200 in 81ms (compile: 6ms, proxy.ts: 6ms, render: 70ms)
 GET /pricing 200 in 73ms (compile: 4ms, proxy.ts: 5ms, render: 64ms)
 GET /pricing 200 in 70ms (compile: 6ms, proxy.ts: 5ms, render: 59ms)
 GET /pricing 200 in 69ms (compile: 5ms, proxy.ts: 4ms, render: 60ms)
 GET /pricing 200 in 68ms (compile: 5ms, proxy.ts: 4ms, render: 59ms)
 GET /pricing 200 in 39ms (compile: 5ms, proxy.ts: 4ms, render: 30ms)
✓ Compiled in 352ms
 GET / 200 in 126ms (compile: 93ms, proxy.ts: 5ms, render: 28ms)
 GET /login 200 in 224ms (compile: 142ms, proxy.ts: 15ms, render: 67ms)
 GET / 200 in 59ms (compile: 11ms, proxy.ts: 8ms, render: 40ms)
✓ Compiled in 179ms
✓ Compiled in 256ms
✓ Compiled in 131ms
✓ Compiled in 499ms
✓ Finished filesystem cache database compaction in 10.0s
 GET / 200 in 558ms (compile: 168ms, proxy.ts: 152ms, render: 238ms)
 GET / 200 in 285ms (compile: 13ms, proxy.ts: 38ms, render: 234ms)
 GET / 200 in 237ms (compile: 14ms, proxy.ts: 10ms, render: 213ms)
 GET / 200 in 219ms (compile: 118ms, proxy.ts: 12ms, render: 88ms)
 GET / 200 in 105ms (compile: 10ms, proxy.ts: 9ms, render: 85ms)
 GET / 200 in 104ms (compile: 9ms, proxy.ts: 8ms, render: 87ms)
 GET / 200 in 118ms (compile: 8ms, proxy.ts: 11ms, render: 100ms)
 GET / 200 in 113ms (compile: 7ms, proxy.ts: 11ms, render: 95ms)
 GET / 200 in 101ms (compile: 10ms, proxy.ts: 8ms, render: 83ms)
 GET / 200 in 174ms (compile: 9ms, proxy.ts: 9ms, render: 155ms)
 GET / 200 in 211ms (compile: 10ms, proxy.ts: 10ms, render: 191ms)
 GET / 200 in 184ms (compile: 17ms, proxy.ts: 16ms, render: 151ms)
 GET / 200 in 159ms (compile: 10ms, proxy.ts: 14ms, render: 135ms)
 GET / 200 in 110ms (compile: 14ms, proxy.ts: 11ms, render: 85ms)
 GET / 200 in 96ms (compile: 7ms, proxy.ts: 9ms, render: 80ms)
 GET / 200 in 103ms (compile: 12ms, proxy.ts: 9ms, render: 82ms)
 GET / 200 in 108ms (compile: 10ms, proxy.ts: 6ms, render: 92ms)
 GET / 200 in 115ms (compile: 10ms, proxy.ts: 6ms, render: 99ms)
 GET / 200 in 113ms (compile: 10ms, proxy.ts: 11ms, render: 92ms)
 GET / 200 in 116ms (compile: 12ms, proxy.ts: 7ms, render: 97ms)
 GET / 200 in 152ms (compile: 10ms, proxy.ts: 10ms, render: 132ms)
 GET / 200 in 142ms (compile: 19ms, proxy.ts: 9ms, render: 114ms)
 GET / 200 in 113ms (compile: 12ms, proxy.ts: 13ms, render: 88ms)
 GET / 200 in 98ms (compile: 11ms, proxy.ts: 10ms, render: 77ms)
 GET / 200 in 103ms (compile: 7ms, proxy.ts: 10ms, render: 86ms)
 GET / 200 in 100ms (compile: 8ms, proxy.ts: 9ms, render: 83ms)
 GET / 200 in 91ms (compile: 9ms, proxy.ts: 9ms, render: 74ms)
 GET / 200 in 136ms (compile: 49ms, proxy.ts: 18ms, render: 69ms)
 GET / 200 in 100ms (compile: 7ms, proxy.ts: 5ms, render: 88ms)
 GET / 200 in 119ms (compile: 6ms, proxy.ts: 10ms, render: 103ms)
 GET / 200 in 114ms (compile: 9ms, proxy.ts: 14ms, render: 92ms)
 GET / 200 in 106ms (compile: 10ms, proxy.ts: 6ms, render: 90ms)
 GET / 200 in 94ms (compile: 10ms, proxy.ts: 8ms, render: 76ms)
 GET / 200 in 94ms (compile: 9ms, proxy.ts: 11ms, render: 74ms)
 GET / 200 in 90ms (compile: 10ms, proxy.ts: 6ms, render: 74ms)
 GET / 200 in 91ms (compile: 7ms, proxy.ts: 15ms, render: 69ms)
 GET / 200 in 83ms (compile: 9ms, proxy.ts: 6ms, render: 68ms)
 GET / 200 in 83ms (compile: 7ms, proxy.ts: 7ms, render: 69ms)
 GET / 200 in 94ms (compile: 7ms, proxy.ts: 8ms, render: 78ms)
 GET / 200 in 97ms (compile: 8ms, proxy.ts: 5ms, render: 84ms)
 GET / 200 in 104ms (compile: 14ms, proxy.ts: 8ms, render: 82ms)
 GET / 200 in 112ms (compile: 11ms, proxy.ts: 7ms, render: 94ms)
 GET / 200 in 118ms (compile: 13ms, proxy.ts: 6ms, render: 98ms)
 GET / 200 in 101ms (compile: 9ms, proxy.ts: 8ms, render: 85ms)
 GET / 200 in 81ms (compile: 6ms, proxy.ts: 8ms, render: 67ms)
 GET / 200 in 85ms (compile: 8ms, proxy.ts: 9ms, render: 68ms)
 GET / 200 in 89ms (compile: 8ms, proxy.ts: 7ms, render: 73ms)
 GET / 200 in 88ms (compile: 8ms, proxy.ts: 11ms, render: 69ms)
 GET / 200 in 86ms (compile: 9ms, proxy.ts: 6ms, render: 71ms)
 GET / 200 in 85ms (compile: 5ms, proxy.ts: 10ms, render: 70ms)
 GET / 200 in 88ms (compile: 7ms, proxy.ts: 6ms, render: 74ms)
 GET / 200 in 107ms (compile: 9ms, proxy.ts: 5ms, render: 93ms)
 GET / 200 in 125ms (compile: 6ms, proxy.ts: 10ms, render: 109ms)
 GET / 200 in 122ms (compile: 12ms, proxy.ts: 9ms, render: 101ms)
 GET / 200 in 118ms (compile: 11ms, proxy.ts: 8ms, render: 99ms)
 GET / 200 in 122ms (compile: 10ms, proxy.ts: 10ms, render: 102ms)
 GET / 200 in 131ms (compile: 10ms, proxy.ts: 11ms, render: 110ms)
 GET / 200 in 128ms (compile: 11ms, proxy.ts: 11ms, render: 106ms)
 GET / 200 in 119ms (compile: 11ms, proxy.ts: 9ms, render: 98ms)
 GET / 200 in 213ms (compile: 8ms, proxy.ts: 10ms, render: 195ms)
 GET / 200 in 208ms (compile: 12ms, proxy.ts: 9ms, render: 187ms)
 GET / 200 in 179ms (compile: 11ms, proxy.ts: 97ms, render: 72ms)
 GET / 200 in 78ms (compile: 8ms, proxy.ts: 9ms, render: 61ms)
 GET / 200 in 80ms (compile: 5ms, proxy.ts: 7ms, render: 68ms)
 GET / 200 in 69ms (compile: 7ms, proxy.ts: 7ms, render: 55ms)
 GET / 200 in 36ms (compile: 8ms, proxy.ts: 6ms, render: 22ms)
✓ Finished writing to filesystem cache in 17.5s
✓ Compiled in 690ms
 GET / 200 in 572ms (compile: 242ms, proxy.ts: 151ms, render: 178ms)
 GET / 200 in 174ms (compile: 10ms, proxy.ts: 9ms, render: 155ms)
 GET / 200 in 179ms (compile: 12ms, proxy.ts: 16ms, render: 151ms)
 GET / 200 in 185ms (compile: 14ms, proxy.ts: 12ms, render: 159ms)
 GET / 200 in 186ms (compile: 13ms, proxy.ts: 17ms, render: 156ms)
 GET / 200 in 175ms (compile: 9ms, proxy.ts: 16ms, render: 150ms)
 GET / 200 in 203ms (compile: 14ms, proxy.ts: 13ms, render: 176ms)
 GET / 200 in 263ms (compile: 13ms, proxy.ts: 18ms, render: 232ms)
 GET / 200 in 310ms (compile: 16ms, proxy.ts: 30ms, render: 264ms)
 GET / 200 in 304ms (compile: 11ms, proxy.ts: 19ms, render: 274ms)
 GET / 200 in 276ms (compile: 34ms, proxy.ts: 23ms, render: 219ms)
 GET / 200 in 161ms (compile: 10ms, proxy.ts: 17ms, render: 134ms)
 GET / 200 in 160ms (compile: 12ms, proxy.ts: 12ms, render: 135ms)
 GET / 200 in 180ms (compile: 11ms, proxy.ts: 11ms, render: 158ms)
 GET / 200 in 188ms (compile: 13ms, proxy.ts: 11ms, render: 164ms)
 GET / 200 in 233ms (compile: 19ms, proxy.ts: 10ms, render: 204ms)
 GET / 200 in 223ms (compile: 14ms, proxy.ts: 12ms, render: 196ms)
 GET / 200 in 151ms (compile: 11ms, proxy.ts: 17ms, render: 123ms)
 GET / 200 in 131ms (compile: 9ms, proxy.ts: 8ms, render: 113ms)
 GET / 200 in 133ms (compile: 11ms, proxy.ts: 11ms, render: 111ms)
 GET / 200 in 124ms (compile: 10ms, proxy.ts: 9ms, render: 105ms)
 GET / 200 in 133ms (compile: 11ms, proxy.ts: 13ms, render: 108ms)
 GET / 200 in 135ms (compile: 15ms, proxy.ts: 12ms, render: 107ms)
 GET / 200 in 136ms (compile: 11ms, proxy.ts: 11ms, render: 114ms)
 GET / 200 in 135ms (compile: 12ms, proxy.ts: 10ms, render: 112ms)
 GET / 200 in 139ms (compile: 8ms, proxy.ts: 17ms, render: 115ms)
 GET / 200 in 200ms (compile: 11ms, proxy.ts: 10ms, render: 179ms)
 GET / 200 in 221ms (compile: 10ms, proxy.ts: 11ms, render: 200ms)
 GET / 200 in 215ms (compile: 29ms, proxy.ts: 40ms, render: 146ms)
 GET / 200 in 182ms (compile: 12ms, proxy.ts: 13ms, render: 157ms)
 GET / 200 in 174ms (compile: 15ms, proxy.ts: 12ms, render: 147ms)
 GET / 200 in 167ms (compile: 11ms, proxy.ts: 20ms, render: 136ms)
 GET / 200 in 174ms (compile: 12ms, proxy.ts: 11ms, render: 150ms)
 GET / 200 in 194ms (compile: 13ms, proxy.ts: 12ms, render: 169ms)
 GET / 200 in 213ms (compile: 15ms, proxy.ts: 14ms, render: 183ms)
 GET / 200 in 211ms (compile: 18ms, proxy.ts: 18ms, render: 175ms)
 GET / 200 in 180ms (compile: 17ms, proxy.ts: 14ms, render: 149ms)
 GET / 200 in 168ms (compile: 15ms, proxy.ts: 14ms, render: 139ms)
 GET / 200 in 175ms (compile: 16ms, proxy.ts: 9ms, render: 150ms)
 GET / 200 in 196ms (compile: 16ms, proxy.ts: 13ms, render: 167ms)
 GET / 200 in 183ms (compile: 13ms, proxy.ts: 15ms, render: 155ms)
 GET / 200 in 162ms (compile: 12ms, proxy.ts: 14ms, render: 136ms)
 GET / 200 in 166ms (compile: 11ms, proxy.ts: 12ms, render: 143ms)
 GET / 200 in 160ms (compile: 15ms, proxy.ts: 17ms, render: 128ms)
 GET / 200 in 148ms (compile: 12ms, proxy.ts: 15ms, render: 121ms)
 GET / 200 in 145ms (compile: 10ms, proxy.ts: 11ms, render: 124ms)
 GET / 200 in 152ms (compile: 14ms, proxy.ts: 16ms, render: 123ms)
 GET / 200 in 95ms (compile: 12ms, proxy.ts: 8ms, render: 75ms)
 GET / 200 in 223ms (compile: 44ms, proxy.ts: 15ms, render: 164ms)
 GET / 200 in 144ms (compile: 21ms, proxy.ts: 11ms, render: 113ms)
 GET / 200 in 125ms (compile: 12ms, proxy.ts: 9ms, render: 104ms)
 GET / 200 in 130ms (compile: 9ms, proxy.ts: 12ms, render: 108ms)
 GET / 200 in 123ms (compile: 11ms, proxy.ts: 9ms, render: 104ms)
 GET / 200 in 126ms (compile: 8ms, proxy.ts: 11ms, render: 107ms)
 GET / 200 in 131ms (compile: 11ms, proxy.ts: 10ms, render: 110ms)
 GET / 200 in 134ms (compile: 11ms, proxy.ts: 12ms, render: 111ms)
 GET / 200 in 159ms (compile: 13ms, proxy.ts: 8ms, render: 138ms)
 GET / 200 in 164ms (compile: 15ms, proxy.ts: 11ms, render: 137ms)
 GET / 200 in 124ms (compile: 13ms, proxy.ts: 8ms, render: 103ms)
 GET / 200 in 120ms (compile: 10ms, proxy.ts: 10ms, render: 101ms)
 GET / 200 in 128ms (compile: 12ms, proxy.ts: 10ms, render: 105ms)
 GET / 200 in 131ms (compile: 11ms, proxy.ts: 10ms, render: 111ms)
 GET / 200 in 140ms (compile: 11ms, proxy.ts: 9ms, render: 120ms)
 GET / 200 in 142ms (compile: 12ms, proxy.ts: 10ms, render: 120ms)
 GET / 200 in 145ms (compile: 14ms, proxy.ts: 13ms, render: 119ms)
 GET / 200 in 76ms (compile: 11ms, proxy.ts: 12ms, render: 54ms)
 GET / 200 in 262ms (compile: 106ms, proxy.ts: 64ms, render: 92ms)
 GET / 200 in 87ms (compile: 5ms, proxy.ts: 6ms, render: 75ms)
 GET / 200 in 94ms (compile: 6ms, proxy.ts: 5ms, render: 82ms)
 GET / 200 in 108ms (compile: 8ms, proxy.ts: 8ms, render: 92ms)
 GET / 200 in 107ms (compile: 12ms, proxy.ts: 7ms, render: 88ms)
 GET / 200 in 103ms (compile: 10ms, proxy.ts: 8ms, render: 85ms)
 GET / 200 in 94ms (compile: 8ms, proxy.ts: 8ms, render: 77ms)
 GET / 200 in 87ms (compile: 8ms, proxy.ts: 7ms, render: 72ms)
 GET / 200 in 84ms (compile: 7ms, proxy.ts: 6ms, render: 72ms)
 GET / 200 in 84ms (compile: 6ms, proxy.ts: 9ms, render: 68ms)
 GET / 200 in 84ms (compile: 7ms, proxy.ts: 7ms, render: 69ms)
 GET / 200 in 99ms (compile: 7ms, proxy.ts: 8ms, render: 83ms)
 GET / 200 in 97ms (compile: 7ms, proxy.ts: 8ms, render: 82ms)
 GET / 200 in 92ms (compile: 7ms, proxy.ts: 14ms, render: 70ms)
 GET / 200 in 93ms (compile: 9ms, proxy.ts: 6ms, render: 78ms)
 GET / 200 in 100ms (compile: 7ms, proxy.ts: 8ms, render: 86ms)
 GET / 200 in 92ms (compile: 6ms, proxy.ts: 10ms, render: 76ms)
 GET / 200 in 85ms (compile: 6ms, proxy.ts: 9ms, render: 70ms)
 GET / 200 in 83ms (compile: 8ms, proxy.ts: 6ms, render: 69ms)
 GET / 200 in 88ms (compile: 7ms, proxy.ts: 9ms, render: 72ms)
 GET / 200 in 107ms (compile: 6ms, proxy.ts: 7ms, render: 95ms)
 GET / 200 in 123ms (compile: 6ms, proxy.ts: 8ms, render: 109ms)
 GET / 200 in 112ms (compile: 7ms, proxy.ts: 9ms, render: 96ms)
 GET / 200 in 98ms (compile: 8ms, proxy.ts: 8ms, render: 83ms)
 GET / 200 in 106ms (compile: 8ms, proxy.ts: 10ms, render: 88ms)
 GET / 200 in 68ms (compile: 7ms, proxy.ts: 6ms, render: 54ms)
 GET / 200 in 87ms (compile: 10ms, proxy.ts: 6ms, render: 71ms)
 GET / 200 in 88ms (compile: 5ms, proxy.ts: 7ms, render: 75ms)
 GET / 200 in 93ms (compile: 7ms, proxy.ts: 7ms, render: 79ms)
 GET / 200 in 96ms (compile: 6ms, proxy.ts: 11ms, render: 79ms)
 GET / 200 in 119ms (compile: 6ms, proxy.ts: 9ms, render: 104ms)
 GET / 200 in 119ms (compile: 15ms, proxy.ts: 9ms, render: 95ms)
 GET / 200 in 92ms (compile: 9ms, proxy.ts: 11ms, render: 72ms)
 GET / 200 in 81ms (compile: 6ms, proxy.ts: 7ms, render: 69ms)
 GET / 200 in 84ms (compile: 6ms, proxy.ts: 6ms, render: 72ms)
 GET / 200 in 84ms (compile: 6ms, proxy.ts: 8ms, render: 70ms)
 GET / 200 in 79ms (compile: 7ms, proxy.ts: 6ms, render: 66ms)
 GET / 200 in 76ms (compile: 5ms, proxy.ts: 8ms, render: 64ms)
 GET / 200 in 90ms (compile: 6ms, proxy.ts: 6ms, render: 78ms)
 GET / 200 in 84ms (compile: 5ms, proxy.ts: 7ms, render: 73ms)
 GET / 200 in 77ms (compile: 5ms, proxy.ts: 8ms, render: 64ms)
 GET / 200 in 81ms (compile: 5ms, proxy.ts: 7ms, render: 69ms)
 GET / 200 in 81ms (compile: 6ms, proxy.ts: 7ms, render: 68ms)
 GET / 200 in 80ms (compile: 6ms, proxy.ts: 7ms, render: 67ms)
 GET / 200 in 84ms (compile: 8ms, proxy.ts: 6ms, render: 70ms)
 GET / 200 in 93ms (compile: 5ms, proxy.ts: 9ms, render: 79ms)
 GET / 200 in 85ms (compile: 5ms, proxy.ts: 7ms, render: 73ms)
 GET / 200 in 98ms (compile: 4ms, proxy.ts: 21ms, render: 73ms)
 GET / 200 in 89ms (compile: 7ms, proxy.ts: 6ms, render: 76ms)
 GET / 200 in 75ms (compile: 6ms, proxy.ts: 8ms, render: 61ms)
 GET / 200 in 70ms (compile: 6ms, proxy.ts: 7ms, render: 57ms)
 GET / 200 in 76ms (compile: 5ms, proxy.ts: 8ms, render: 63ms)
 GET / 200 in 76ms (compile: 6ms, proxy.ts: 7ms, render: 64ms)
 GET / 200 in 78ms (compile: 6ms, proxy.ts: 7ms, render: 65ms)
 GET / 200 in 84ms (compile: 4ms, proxy.ts: 7ms, render: 73ms)
 GET / 200 in 91ms (compile: 7ms, proxy.ts: 7ms, render: 77ms)
 GET / 200 in 92ms (compile: 6ms, proxy.ts: 7ms, render: 78ms)
 GET / 200 in 96ms (compile: 6ms, proxy.ts: 8ms, render: 81ms)
 GET / 200 in 82ms (compile: 6ms, proxy.ts: 7ms, render: 69ms)
 GET / 200 in 76ms (compile: 5ms, proxy.ts: 7ms, render: 64ms)
 GET / 200 in 77ms (compile: 5ms, proxy.ts: 7ms, render: 65ms)
 GET / 200 in 75ms (compile: 5ms, proxy.ts: 7ms, render: 64ms)
 GET / 200 in 81ms (compile: 6ms, proxy.ts: 5ms, render: 69ms)
 GET / 200 in 82ms (compile: 5ms, proxy.ts: 8ms, render: 69ms)
 GET / 200 in 71ms (compile: 6ms, proxy.ts: 10ms, render: 56ms)
 GET / 200 in 37ms (compile: 5ms, proxy.ts: 7ms, render: 25ms)
 GET /pricing 200 in 175ms (compile: 128ms, proxy.ts: 10ms, render: 36ms)
 GET / 200 in 40ms (compile: 7ms, proxy.ts: 7ms, render: 25ms)
✓ Compiled in 126ms
✓ Compiled in 285ms
✓ Compiled in 253ms
✓ Compiled in 162ms
